#! /usr/local/bin/vvp
:ivl_version "14.0 (devel)" "(s20251012-116-g98391b56b)";
:ivl_delay_selection "TYPICAL";
:vpi_time_precision + 0;
:vpi_module "/usr/local/lib/ivl/system.vpi";
:vpi_module "/usr/local/lib/ivl/vhdl_sys.vpi";
:vpi_module "/usr/local/lib/ivl/vhdl_textio.vpi";
:vpi_module "/usr/local/lib/ivl/v2005_math.vpi";
:vpi_module "/usr/local/lib/ivl/va_math.vpi";
S_0x2310f50 .scope module, "controller" "controller" 2 1;
 .timescale 0 0;
    .port_info 0 /INPUT 1 "clk";
    .port_info 1 /INPUT 1 "rst";
    .port_info 2 /INPUT 8 "speed";
    .port_info 3 /INPUT 1 "driver_off";
    .port_info 4 /INPUT 1 "lane_available";
    .port_info 5 /INPUT 1 "request_lane_change_accepted";
    .port_info 6 /INPUT 1 "has_car_right";
    .port_info 7 /INPUT 1 "max_speed_limit";
    .port_info 8 /OUTPUT 1 "buzzer";
    .port_info 9 /OUTPUT 1 "sets";
    .port_info 10 /OUTPUT 1 "hazards";
    .port_info 11 /OUTPUT 1 "brake";
    .port_info 12 /OUTPUT 1 "request_lane_change";
P_0x233bde0 .param/l "ALERTING" 1 2 16, C4<0001>;
P_0x233be20 .param/l "ALERT_DURATION" 1 2 20, C4<11>;
P_0x233be60 .param/l "CHANGING_LANE" 1 2 16, C4<0011>;
P_0x233bea0 .param/l "CHECKING_LANE" 1 2 16, C4<0010>;
P_0x233bee0 .param/l "CHECKING_LANE_RIGHT" 1 2 17, C4<0110>;
P_0x233bf20 .param/l "IDLE" 1 2 16, C4<0000>;
P_0x233bf60 .param/l "REQUESTING_LANE_CHANGE" 1 2 17, C4<0100>;
P_0x233bfa0 .param/l "STOPPED" 1 2 18, C4<0111>;
P_0x233bfe0 .param/l "STOPPING" 1 2 17, C4<0101>;
v0x233c520_0 .var "brake", 0 0;
v0x2368c90_0 .var "buzzer", 0 0;
o0x7fc60f3a0078 .functor BUFZ 1, c4<z>; HiZ drive
v0x2368d50_0 .net "clk", 0 0, o0x7fc60f3a0078;  0 drivers
v0x2368df0_0 .var "counter", 3 0;
o0x7fc60f3a00d8 .functor BUFZ 1, c4<z>; HiZ drive
v0x2368ed0_0 .net "driver_off", 0 0, o0x7fc60f3a00d8;  0 drivers
o0x7fc60f3a0108 .functor BUFZ 1, c4<z>; HiZ drive
v0x2368fe0_0 .net "has_car_right", 0 0, o0x7fc60f3a0108;  0 drivers
v0x23690a0_0 .var "hazards", 0 0;
o0x7fc60f3a0168 .functor BUFZ 1, c4<z>; HiZ drive
v0x2369160_0 .net "lane_available", 0 0, o0x7fc60f3a0168;  0 drivers
o0x7fc60f3a0198 .functor BUFZ 1, c4<z>; HiZ drive
v0x2369220_0 .net "max_speed_limit", 0 0, o0x7fc60f3a0198;  0 drivers
L_0x7fc60f357018 .functor BUFT 1, C4<0>, C4<0>, C4<0>, C4<0>;
v0x23692e0_0 .net "min_speed_limit", 0 0, L_0x7fc60f357018;  1 drivers
v0x23693a0_0 .var "next_state", 3 0;
v0x2369480_0 .var "request_lane_change", 0 0;
o0x7fc60f3a0258 .functor BUFZ 1, c4<z>; HiZ drive
v0x2369540_0 .net "request_lane_change_accepted", 0 0, o0x7fc60f3a0258;  0 drivers
o0x7fc60f3a0288 .functor BUFZ 1, c4<z>; HiZ drive
v0x2369600_0 .net "rst", 0 0, o0x7fc60f3a0288;  0 drivers
v0x23696c0_0 .var "sets", 0 0;
o0x7fc60f3a02e8 .functor BUFZ 8, c4<zzzzzzzz>; HiZ drive
v0x2369780_0 .net "speed", 7 0, o0x7fc60f3a02e8;  0 drivers
v0x2369860_0 .var "state", 3 0;
E_0x2349000/0 .event anyedge, v0x2369860_0, v0x2368ed0_0, v0x2369780_0, v0x2368df0_0;
E_0x2349000/1 .event anyedge, v0x23692e0_0, v0x2369160_0, v0x2368fe0_0, v0x2369540_0;
E_0x2349000 .event/or E_0x2349000/0, E_0x2349000/1;
E_0x2347f40 .event posedge, v0x2369600_0, v0x2368d50_0;
    .scope S_0x2310f50;
T_0 ;
    %wait E_0x2347f40;
    %load/vec4 v0x2369600_0;
    %flag_set/vec4 8;
    %jmp/0xz  T_0.0, 8;
    %pushi/vec4 0, 0, 4;
    %assign/vec4 v0x2369860_0, 0;
    %jmp T_0.1;
T_0.0 ;
    %load/vec4 v0x23693a0_0;
    %assign/vec4 v0x2369860_0, 0;
T_0.1 ;
    %jmp T_0;
    .thread T_0;
    .scope S_0x2310f50;
T_1 ;
    %wait E_0x2349000;
    %pushi/vec4 0, 0, 4;
    %store/vec4 v0x23693a0_0, 0, 4;
    %pushi/vec4 1, 0, 1;
    %store/vec4 v0x2368c90_0, 0, 1;
    %pushi/vec4 0, 0, 1;
    %store/vec4 v0x23696c0_0, 0, 1;
    %pushi/vec4 0, 0, 1;
    %store/vec4 v0x23690a0_0, 0, 1;
    %pushi/vec4 0, 0, 1;
    %store/vec4 v0x233c520_0, 0, 1;
    %pushi/vec4 0, 0, 1;
    %store/vec4 v0x2369480_0, 0, 1;
    %load/vec4 v0x2369860_0;
    %dup/vec4;
    %pushi/vec4 0, 0, 4;
    %cmp/u;
    %jmp/1 T_1.0, 6;
    %dup/vec4;
    %pushi/vec4 1, 0, 4;
    %cmp/u;
    %jmp/1 T_1.1, 6;
    %dup/vec4;
    %pushi/vec4 2, 0, 4;
    %cmp/u;
    %jmp/1 T_1.2, 6;
    %dup/vec4;
    %pushi/vec4 4, 0, 4;
    %cmp/u;
    %jmp/1 T_1.3, 6;
    %dup/vec4;
    %pushi/vec4 6, 0, 4;
    %cmp/u;
    %jmp/1 T_1.4, 6;
    %dup/vec4;
    %pushi/vec4 3, 0, 4;
    %cmp/u;
    %jmp/1 T_1.5, 6;
    %dup/vec4;
    %pushi/vec4 5, 0, 4;
    %cmp/u;
    %jmp/1 T_1.6, 6;
    %dup/vec4;
    %pushi/vec4 7, 0, 4;
    %cmp/u;
    %jmp/1 T_1.7, 6;
    %jmp T_1.8;
T_1.0 ;
    %pushi/vec4 0, 0, 1;
    %store/vec4 v0x2368c90_0, 0, 1;
    %load/vec4 v0x2368ed0_0;
    %flag_set/vec4 9;
    %flag_get/vec4 9;
    %jmp/0 T_1.11, 9;
    %pushi/vec4 0, 0, 32;
    %load/vec4 v0x2369780_0;
    %pad/u 32;
    %cmp/u;
    %flag_get/vec4 5;
    %and;
T_1.11;
    %flag_set/vec4 8;
    %jmp/0xz  T_1.9, 8;
    %pushi/vec4 1, 0, 4;
    %store/vec4 v0x23693a0_0, 0, 4;
T_1.9 ;
    %jmp T_1.8;
T_1.1 ;
    %load/vec4 v0x2368df0_0;
    %cmpi/u 3, 0, 4;
    %flag_inv 5; GE is !LT
    %jmp/0xz  T_1.12, 5;
    %pushi/vec4 2, 0, 4;
    %store/vec4 v0x23693a0_0, 0, 4;
    %jmp T_1.13;
T_1.12 ;
    %pushi/vec4 1, 0, 4;
    %store/vec4 v0x23693a0_0, 0, 4;
T_1.13 ;
    %jmp T_1.8;
T_1.2 ;
    %pushi/vec4 1, 0, 1;
    %store/vec4 v0x233c520_0, 0, 1;
    %load/vec4 v0x2369780_0;
    %load/vec4 v0x23692e0_0;
    %pad/u 8;
    %cmp/u;
    %flag_or 5, 4;
    %jmp/1 T_1.16, 5;
    %flag_mov 8, 5;
    %load/vec4 v0x2369160_0;
    %flag_set/vec4 9;
    %flag_or 9, 8;
    %flag_mov 5, 9;
T_1.16;
    %jmp/0xz  T_1.14, 5;
    %pushi/vec4 5, 0, 4;
    %store/vec4 v0x23693a0_0, 0, 4;
    %jmp T_1.15;
T_1.14 ;
    %load/vec4 v0x2368fe0_0;
    %flag_set/vec4 8;
    %jmp/0xz  T_1.17, 8;
    %pushi/vec4 4, 0, 4;
    %store/vec4 v0x23693a0_0, 0, 4;
    %pushi/vec4 1, 0, 1;
    %store/vec4 v0x2369480_0, 0, 1;
    %jmp T_1.18;
T_1.17 ;
    %pushi/vec4 3, 0, 4;
    %store/vec4 v0x23693a0_0, 0, 4;
T_1.18 ;
T_1.15 ;
    %jmp T_1.8;
T_1.3 ;
    %pushi/vec4 1, 0, 1;
    %store/vec4 v0x2369480_0, 0, 1;
    %pushi/vec4 1, 0, 1;
    %store/vec4 v0x233c520_0, 0, 1;
    %load/vec4 v0x2369780_0;
    %load/vec4 v0x23692e0_0;
    %pad/u 8;
    %cmp/u;
    %flag_or 5, 4;
    %jmp/0xz  T_1.19, 5;
    %pushi/vec4 5, 0, 4;
    %store/vec4 v0x23693a0_0, 0, 4;
    %jmp T_1.20;
T_1.19 ;
    %load/vec4 v0x2369540_0;
    %flag_set/vec4 8;
    %jmp/0xz  T_1.21, 8;
    %pushi/vec4 6, 0, 4;
    %store/vec4 v0x23693a0_0, 0, 4;
    %pushi/vec4 0, 0, 1;
    %store/vec4 v0x233c520_0, 0, 1;
    %pushi/vec4 1, 0, 1;
    %store/vec4 v0x23696c0_0, 0, 1;
    %jmp T_1.22;
T_1.21 ;
    %pushi/vec4 4, 0, 4;
    %store/vec4 v0x23693a0_0, 0, 4;
T_1.22 ;
T_1.20 ;
    %jmp T_1.8;
T_1.4 ;
    %load/vec4 v0x2369780_0;
    %load/vec4 v0x23692e0_0;
    %pad/u 8;
    %cmp/u;
    %flag_or 5, 4;
    %jmp/0xz  T_1.23, 5;
    %pushi/vec4 5, 0, 4;
    %store/vec4 v0x23693a0_0, 0, 4;
    %jmp T_1.24;
T_1.23 ;
    %load/vec4 v0x2368fe0_0;
    %nor/r;
    %flag_set/vec4 8;
    %jmp/0xz  T_1.25, 8;
    %pushi/vec4 3, 0, 4;
    %store/vec4 v0x23693a0_0, 0, 4;
    %pushi/vec4 1, 0, 1;
    %store/vec4 v0x23696c0_0, 0, 1;
    %jmp T_1.26;
T_1.25 ;
    %pushi/vec4 6, 0, 4;
    %store/vec4 v0x23693a0_0, 0, 4;
T_1.26 ;
T_1.24 ;
    %jmp T_1.8;
T_1.5 ;
    %pushi/vec4 1, 0, 1;
    %store/vec4 v0x23696c0_0, 0, 1;
    %pushi/vec4 2, 0, 4;
    %store/vec4 v0x23693a0_0, 0, 4;
    %jmp T_1.8;
T_1.6 ;
    %pushi/vec4 1, 0, 1;
    %store/vec4 v0x233c520_0, 0, 1;
    %load/vec4 v0x2369780_0;
    %pad/u 32;
    %cmpi/e 0, 0, 32;
    %jmp/0xz  T_1.27, 4;
    %pushi/vec4 7, 0, 4;
    %store/vec4 v0x23693a0_0, 0, 4;
    %jmp T_1.28;
T_1.27 ;
    %pushi/vec4 5, 0, 4;
    %store/vec4 v0x23693a0_0, 0, 4;
T_1.28 ;
    %jmp T_1.8;
T_1.7 ;
    %pushi/vec4 1, 0, 1;
    %store/vec4 v0x233c520_0, 0, 1;
    %pushi/vec4 1, 0, 1;
    %store/vec4 v0x23690a0_0, 0, 1;
    %load/vec4 v0x2368ed0_0;
    %nor/r;
    %flag_set/vec4 8;
    %jmp/0xz  T_1.29, 8;
    %pushi/vec4 0, 0, 4;
    %store/vec4 v0x23693a0_0, 0, 4;
    %jmp T_1.30;
T_1.29 ;
    %pushi/vec4 7, 0, 4;
    %store/vec4 v0x23693a0_0, 0, 4;
T_1.30 ;
    %jmp T_1.8;
T_1.8 ;
    %pop/vec4 1;
    %jmp T_1;
    .thread T_1, $push;
# The file index is used to find the file name in the following table.
:file_names 3;
    "N/A";
    "<interactive>";
    "controller.v";
